  main.cpp
C:\Users\matth_wnnepii\Documents\Visual Studio Projects\FOE [Verlet Physics Engine with Raylib]\FOE [Verlet Physics Engine with Raylib]\main.h(46,21): warning C4244: 'initializing': conversion from 'double' to 'float', possible loss of data
C:\Users\matth_wnnepii\Documents\Visual Studio Projects\FOE [Verlet Physics Engine with Raylib]\FOE [Verlet Physics Engine with Raylib]\main.h(46,16): warning C4244: 'initializing': conversion from 'double' to 'const float', possible loss of data
C:\Users\matth_wnnepii\Documents\Visual Studio Projects\FOE [Verlet Physics Engine with Raylib]\FOE [Verlet Physics Engine with Raylib]\main.h(47,21): warning C4244: 'initializing': conversion from 'double' to 'float', possible loss of data
C:\Users\matth_wnnepii\Documents\Visual Studio Projects\FOE [Verlet Physics Engine with Raylib]\FOE [Verlet Physics Engine with Raylib]\main.h(47,16): warning C4244: 'initializing': conversion from 'double' to 'const float', possible loss of data
C:\Users\matth_wnnepii\Documents\Visual Studio Projects\FOE [Verlet Physics Engine with Raylib]\FOE [Verlet Physics Engine with Raylib]\main.h(48,21): warning C4244: 'initializing': conversion from 'double' to 'float', possible loss of data
C:\Users\matth_wnnepii\Documents\Visual Studio Projects\FOE [Verlet Physics Engine with Raylib]\FOE [Verlet Physics Engine with Raylib]\main.h(48,16): warning C4244: 'initializing': conversion from 'double' to 'const float', possible loss of data
C:\Users\matth_wnnepii\Documents\Visual Studio Projects\FOE [Verlet Physics Engine with Raylib]\FOE [Verlet Physics Engine with Raylib]\main.h(64,32): warning C4244: 'initializing': conversion from 'int' to 'float', possible loss of data
C:\Users\matth_wnnepii\Documents\Visual Studio Projects\FOE [Verlet Physics Engine with Raylib]\FOE [Verlet Physics Engine with Raylib]\main.h(64,16): warning C4244: 'initializing': conversion from 'int' to 'const float', possible loss of data
C:\Users\matth_wnnepii\Documents\Visual Studio Projects\FOE [Verlet Physics Engine with Raylib]\FOE [Verlet Physics Engine with Raylib]\main.h(65,32): warning C4244: 'initializing': conversion from 'int' to 'float', possible loss of data
C:\Users\matth_wnnepii\Documents\Visual Studio Projects\FOE [Verlet Physics Engine with Raylib]\FOE [Verlet Physics Engine with Raylib]\main.h(65,16): warning C4244: 'initializing': conversion from 'int' to 'const float', possible loss of data
C:\Users\matth_wnnepii\Documents\Visual Studio Projects\FOE [Verlet Physics Engine with Raylib]\FOE [Verlet Physics Engine with Raylib]\main.h(66,32): warning C4244: 'initializing': conversion from 'int' to 'float', possible loss of data
C:\Users\matth_wnnepii\Documents\Visual Studio Projects\FOE [Verlet Physics Engine with Raylib]\FOE [Verlet Physics Engine with Raylib]\main.h(66,16): warning C4244: 'initializing': conversion from 'int' to 'const float', possible loss of data
C:\Users\matth_wnnepii\Documents\Visual Studio Projects\FOE [Verlet Physics Engine with Raylib]\FOE [Verlet Physics Engine with Raylib]\spatial-solver.h(28,136): warning C4244: 'argument': conversion from 'const float' to 'int', possible loss of data
C:\Users\matth_wnnepii\Documents\Visual Studio Projects\FOE [Verlet Physics Engine with Raylib]\FOE [Verlet Physics Engine with Raylib]\spatial-solver.h(28,110): warning C4244: 'argument': conversion from 'const float' to 'int', possible loss of data
C:\Users\matth_wnnepii\Documents\Visual Studio Projects\FOE [Verlet Physics Engine with Raylib]\FOE [Verlet Physics Engine with Raylib]\spatial-solver.h(75,32): warning C4244: 'initializing': conversion from 'double' to 'float', possible loss of data
C:\Users\matth_wnnepii\Documents\Visual Studio Projects\FOE [Verlet Physics Engine with Raylib]\FOE [Verlet Physics Engine with Raylib]\spatial-solver.h(75,26): warning C4244: 'initializing': conversion from 'double' to 'const float', possible loss of data
C:\Users\matth_wnnepii\Documents\Visual Studio Projects\FOE [Verlet Physics Engine with Raylib]\FOE [Verlet Physics Engine with Raylib]\spatial-solver.h(134,139): warning C4244: 'argument': conversion from 'const float' to 'int', possible loss of data
C:\Users\matth_wnnepii\Documents\Visual Studio Projects\FOE [Verlet Physics Engine with Raylib]\FOE [Verlet Physics Engine with Raylib]\spatial-solver.h(134,113): warning C4244: 'argument': conversion from 'const float' to 'int', possible loss of data
C:\Users\matth_wnnepii\Documents\Visual Studio Projects\FOE [Verlet Physics Engine with Raylib]\FOE [Verlet Physics Engine with Raylib]\spatial-solver.h(157,35): warning C4267: '+=': conversion from 'size_t' to 'int', possible loss of data
C:\Users\matth_wnnepii\Documents\Visual Studio Projects\FOE [Verlet Physics Engine with Raylib]\FOE [Verlet Physics Engine with Raylib]\main.cpp(28,21): warning C4244: 'initializing': conversion from 'double' to 'float', possible loss of data
C:\Users\matth_wnnepii\Documents\Visual Studio Projects\FOE [Verlet Physics Engine with Raylib]\FOE [Verlet Physics Engine with Raylib]\main.cpp(42,77): warning C4244: 'initializing': conversion from 'double' to 'float', possible loss of data
C:\Users\matth_wnnepii\Documents\Visual Studio Projects\FOE [Verlet Physics Engine with Raylib]\FOE [Verlet Physics Engine with Raylib]\main.cpp(42,24): warning C4244: 'initializing': conversion from 'double' to 'const float', possible loss of data
C:\Users\matth_wnnepii\Documents\Visual Studio Projects\FOE [Verlet Physics Engine with Raylib]\FOE [Verlet Physics Engine with Raylib]\main.cpp(52,121): warning C4244: 'argument': conversion from 'const float' to 'int', possible loss of data
C:\Users\matth_wnnepii\Documents\Visual Studio Projects\FOE [Verlet Physics Engine with Raylib]\FOE [Verlet Physics Engine with Raylib]\main.cpp(52,95): warning C4244: 'argument': conversion from 'const float' to 'int', possible loss of data
C:\Users\matth_wnnepii\Documents\Visual Studio Projects\FOE [Verlet Physics Engine with Raylib]\FOE [Verlet Physics Engine with Raylib]\main.cpp(64,41): warning C4244: 'argument': conversion from 'float' to 'int', possible loss of data
C:\Users\matth_wnnepii\Documents\Visual Studio Projects\FOE [Verlet Physics Engine with Raylib]\FOE [Verlet Physics Engine with Raylib]\main.cpp(64,29): warning C4244: 'argument': conversion from 'float' to 'int', possible loss of data
C:\Users\matth_wnnepii\Documents\Visual Studio Projects\FOE [Verlet Physics Engine with Raylib]\FOE [Verlet Physics Engine with Raylib]\main.cpp(88,67): warning C4244: 'argument': conversion from 'float' to 'int', possible loss of data
C:\Users\matth_wnnepii\Documents\Visual Studio Projects\FOE [Verlet Physics Engine with Raylib]\FOE [Verlet Physics Engine with Raylib]\main.cpp(88,40): warning C4244: 'argument': conversion from 'float' to 'int', possible loss of data
  Generating code
  2 of 189 functions ( 1.1%) were compiled, the rest were copied from previous compilation.
    0 functions were new in current compilation
    0 functions had inline decision re-evaluated but remain unchanged
  Finished generating code
  FOE [Verlet Physics Engine with Raylib].vcxproj -> C:\Users\matth_wnnepii\Documents\Visual Studio Projects\FOE [Verlet Physics Engine with Raylib]\x64\Release\FOE [Verlet Physics Engine with Raylib].exe
